<?xml version="1.0" encoding="UTF-8"?>
<testsuite xmlns:xsi="http://www.w3.org/2001/XMLSchema-instance" xsi:noNamespaceSchemaLocation="https://maven.apache.org/surefire/maven-surefire-plugin/xsd/surefire-test-report-3.0.xsd" version="3.0" name="TestSuite" time="38.894" tests="1" errors="0" skipped="0" failures="0">
  <properties>
[...]
</properties>
  <testcase name="runScenario[&quot;Navigate to a Primereact URL, select the checkbox against BlueBand.&quot;, &quot;select against a specific name&quot;](1)" classname="runner.TestRunner" time="16.045">
    <system-out><![CDATA[...
... TestNG 7.8.0 by Cédric Beust (cedric@beust.com)
...


Scenario: Navigate to a Primereact URL, select the checkbox against BlueBand. # src/test/resources/features/checkboxselection.feature:5
  Given I opened primereact website                                           # com.qa.mystepdefs.CheckboxSelection.iOpenedPrimereactWebsite()
  When I click on the checkbox against "Blue Band" checkbox                   # com.qa.mystepdefs.CheckboxSelection.iClickOnTheCheckboxAgainstCheckbox(java.lang.String)
Blue Band
  Then I should see checkbox "Blue Band" get selected successfully            # com.qa.mystepdefs.CheckboxSelection.iShouldSeeCheckboxGetSelectedSuccessfully(java.lang.String)
]]></system-out>
    <system-err><![CDATA[SLF4J: Failed to load class "org.slf4j.impl.StaticLoggerBinder".
SLF4J: Defaulting to no-operation (NOP) logger implementation
SLF4J: See http://www.slf4j.org/codes.html#StaticLoggerBinder for further details.
Jul. 11, 2023 4:06:06 P.M. org.openqa.selenium.remote.service.DriverService$Builder getLogOutput
INFO: Driver logs no longer sent to console by default; https://www.selenium.dev/documentation/webdriver/drivers/service/#setting-log-output
]]></system-err>
  </testcase>
</testsuite>