<?xml version="1.0" encoding="UTF-8"?>
<testsuite xmlns:xsi="http://www.w3.org/2001/XMLSchema-instance" xsi:noNamespaceSchemaLocation="https://maven.apache.org/surefire/maven-surefire-plugin/xsd/surefire-test-report-3.0.xsd" version="3.0" name="TestSuite" time="65.312" tests="1" errors="0" skipped="0" failures="0">
  <properties>
[...]
</properties>
  <testcase name="runScenario[&quot;Fill the form and submit it successfully&quot;, &quot;Fill the form&quot;](1)" classname="runner.TestRunner" time="52.458">
    <system-out><![CDATA[...
... TestNG 7.8.0 by Cédric Beust (cedric@beust.com)
...


Scenario: Fill the form and submit it successfully # src/test/resources/features/autocompleteform.feature:3
  Given I opened website                           # com.qa.mystepdefs.Form.iOpenedWebsite()
  When I fill the form with correct details        # com.qa.mystepdefs.Form.iFillTheFormWithCorrectDetails()
Testing workflow in githubactins
  Then I should see popup window saying Thanks     # com.qa.mystepdefs.Form.iShouldSeePopupWindowSayingThanks()
]]></system-out>
    <system-err><![CDATA[SLF4J: Failed to load class "org.slf4j.impl.StaticLoggerBinder".
SLF4J: Defaulting to no-operation (NOP) logger implementation
SLF4J: See http://www.slf4j.org/codes.html#StaticLoggerBinder for further details.
Jul 18, 2023 9:15:36 P.M. org.openqa.selenium.remote.service.DriverService$Builder getLogOutput
INFO: Driver logs no longer sent to console by default; https://www.selenium.dev/documentation/webdriver/drivers/service/#setting-log-output
]]></system-err>
  </testcase>
</testsuite>