<?xml version="1.0" encoding="UTF-8"?>
<testng-results ignored="0" total="1" passed="1" failed="0" skipped="0">
  <reporter-output>
  </reporter-output>
  <suite started-at="2023-07-18T21:01:35 EDT" name="Cucumber Parallel Suite" finished-at="2023-07-18T21:02:26 EDT" duration-ms="51236">
    <groups>
      <group name="cucumber">
        <method signature="AbstractTestNGCucumberTests.runScenario(io.cucumber.testng.PickleWrapper,io.cucumber.testng.FeatureWrapper)[pri:0, instance:runner.TestRunner@76908cc0]" name="runScenario" class="io.cucumber.testng.AbstractTestNGCucumberTests"/>
      </group> <!-- cucumber -->
    </groups>
    <test started-at="2023-07-18T21:01:35 EDT" name="Cucumber Tests" finished-at="2023-07-18T21:02:26 EDT" duration-ms="51236">
      <class name="runner.TestRunner">
        <test-method is-config="true" signature="setUpClass(org.testng.ITestContext)[pri:0, instance:runner.TestRunner@76908cc0]" started-at="2023-07-18T21:01:35 EDT" name="setUpClass" finished-at="2023-07-18T21:01:37 EDT" duration-ms="1306" status="PASS">
          <params>
            <param index="0">
              <value>
                <![CDATA[org.testng.TestRunner@3e694b3f]]>
              </value>
            </param>
          </params>
          <reporter-output>
          </reporter-output>
        </test-method> <!-- setUpClass -->
        <test-method signature="runScenario(io.cucumber.testng.PickleWrapper,io.cucumber.testng.FeatureWrapper)[pri:0, instance:runner.TestRunner@76908cc0]" started-at="2023-07-18T21:01:37 EDT" name="runScenario" description="Runs Cucumber Scenarios" data-provider="scenarios" finished-at="2023-07-18T21:02:15 EDT" duration-ms="38528" status="PASS">
          <params>
            <param index="0">
              <value>
                <![CDATA["Fill the form and submit it successfully"]]>
              </value>
            </param>
            <param index="1">
              <value>
                <![CDATA["Fill the form"]]>
              </value>
            </param>
          </params>
          <reporter-output>
          </reporter-output>
        </test-method> <!-- runScenario -->
        <test-method is-config="true" signature="tearDownClass()[pri:0, instance:runner.TestRunner@76908cc0]" started-at="2023-07-18T21:02:15 EDT" name="tearDownClass" finished-at="2023-07-18T21:02:26 EDT" duration-ms="11319" status="PASS">
          <reporter-output>
          </reporter-output>
        </test-method> <!-- tearDownClass -->
      </class> <!-- runner.TestRunner -->
    </test> <!-- Cucumber Tests -->
  </suite> <!-- Cucumber Parallel Suite -->
</testng-results>
